<?xml version="1.0" encoding="UTF-8"?>
<!-- Generated by org.testng.reporters.JUnitReportReporter -->
<testsuite hostname="DESKTOP-UNJUDHI" failures="0" tests="2" name="com.section3.DemoTestNG7" time="0.014" errors="0" timestamp="2022-06-02T12:38:38 IST" skipped="0">
  <testcase classname="com.section3.DemoTestNG7" name="signIn" time="0.002"/>
  <system-out/>
  <testcase classname="com.section3.DemoTestNG7" name="signUp" time="0.012"/>
  <system-out/>
</testsuite> <!-- com.section3.DemoTestNG7 -->
