<?xml version="1.0" encoding="UTF-8"?>
<!-- Generated by org.testng.reporters.JUnitReportReporter -->
<testsuite hostname="DESKTOP-UNJUDHI" failures="0" tests="10" name="com.section3.DemoTestNG6" time="0.024" errors="0" timestamp="2022-06-02T12:29:55 IST" skipped="0">
  <testcase classname="com.section3.DemoTestNG6" name="CreateCustomer" time="0.002"/>
  <system-out/>
  <testcase classname="com.section3.DemoTestNG6" name="CreateCustomer" time="0.001"/>
  <system-out/>
  <testcase classname="com.section3.DemoTestNG6" name="CreateCustomer" time="0.002"/>
  <system-out/>
  <testcase classname="com.section3.DemoTestNG6" name="CreateCustomer" time="0.001"/>
  <system-out/>
  <testcase classname="com.section3.DemoTestNG6" name="CreateCustomer" time="0.001"/>
  <system-out/>
  <testcase classname="com.section3.DemoTestNG6" name="CreateCustomer" time="0.001"/>
  <system-out/>
  <testcase classname="com.section3.DemoTestNG6" name="CreateCustomer" time="0.001"/>
  <system-out/>
  <testcase classname="com.section3.DemoTestNG6" name="CreateCustomer" time="0.011"/>
  <system-out/>
  <testcase classname="com.section3.DemoTestNG6" name="CreateCustomer" time="0.002"/>
  <system-out/>
  <testcase classname="com.section3.DemoTestNG6" name="CreateCustomer" time="0.002"/>
  <system-out/>
</testsuite> <!-- com.section3.DemoTestNG6 -->
