<?xml version="1.0" encoding="UTF-8"?>
<!-- Generated by org.testng.reporters.JUnitReportReporter -->
<testsuite hostname="DESKTOP-UNJUDHI" failures="0" tests="2" name="com.section3.DemoTestNG" time="0.012" errors="0" timestamp="2022-06-02T12:03:25 IST" skipped="0">
  <testcase classname="com.section3.DemoTestNG" name="modifyCustomer" time="0.000"/>
  <system-out/>
  <testcase classname="com.section3.DemoTestNG" name="CreateCustomer" time="0.012"/>
  <system-out/>
</testsuite> <!-- com.section3.DemoTestNG -->
