<?xml version="1.0" encoding="UTF-8"?>
<!-- Generated by org.testng.reporters.JUnitReportReporter -->
<testsuite hostname="DESKTOP-UNJUDHI" failures="0" tests="2" name="com.section3.DemoTestNG8" time="0.010" errors="0" timestamp="2022-06-02T12:58:13 IST" skipped="0">
  <testcase classname="com.section3.DemoTestNG8" name="createCustomer" time="0.009"/>
  <system-out/>
  <testcase classname="com.section3.DemoTestNG8" name="modifyCustomer" time="0.001"/>
  <system-out/>
</testsuite> <!-- com.section3.DemoTestNG8 -->
