<?xml version="1.0" encoding="UTF-8"?>
<!-- Generated by org.testng.reporters.JUnitReportReporter -->
<testsuite hostname="DESKTOP-UNJUDHI" failures="0" tests="3" name="com.section3.DemoTestNG3" time="0.013" errors="0" timestamp="2022-06-02T12:16:35 IST" skipped="0">
  <testcase classname="com.section3.DemoTestNG3" name="CreateCustomer" time="0.010"/>
  <system-out/>
  <testcase classname="com.section3.DemoTestNG3" name="modifyCustomer" time="0.002"/>
  <system-out/>
  <testcase classname="com.section3.DemoTestNG3" name="deleteCustomer" time="0.001"/>
  <system-out/>
</testsuite> <!-- com.section3.DemoTestNG3 -->
