<?xml version="1.0" encoding="UTF-8"?>
<!-- Generated by org.testng.reporters.JUnitReportReporter -->
<testsuite hostname="DESKTOP-UNJUDHI" failures="0" tests="2" name="com.section3.DemoTestNG5" time="0.011" errors="0" timestamp="2022-06-02T12:26:14 IST" skipped="1">
  <testcase classname="com.section3.DemoTestNG5" name="CreateCustomer" time="0.011"/>
  <system-out/>
  <testcase classname="com.section3.DemoTestNG5" name="modifyCustomer">
    <skipped/>
  </testcase> <!-- modifyCustomer -->
  <system-out/>
</testsuite> <!-- com.section3.DemoTestNG5 -->
